Copyright 1986-2021 Xilinx, Inc. All Rights Reserved.
-----------------------------------------------------------------------------------------------------
| Tool Version : Vivado v.2021.1 (lin64) Build 3247384 Thu Jun 10 19:36:07 MDT 2021
| Date         : Wed Jun 22 15:49:55 2022
| Host         : etorob running 64-bit Ubuntu 20.04.4 LTS
| Command      : report_utilization -hierarchical -file nexys4ddr_utilization_hierarchical_place.rpt
| Design       : nexys4ddr
| Device       : 7a100tcsg324-1
| Design State : Fully Placed
-----------------------------------------------------------------------------------------------------

Utilization Design Information

Table of Contents
-----------------
1. Utilization by Hierarchy

1. Utilization by Hierarchy
---------------------------

+----------------+-------------------+------------+------------+---------+------+------+--------+--------+------------+
|    Instance    |       Module      | Total LUTs | Logic LUTs | LUTRAMs | SRLs |  FFs | RAMB36 | RAMB18 | DSP Blocks |
+----------------+-------------------+------------+------------+---------+------+------+--------+--------+------------+
| nexys4ddr      |             (top) |       3006 |       2906 |     100 |    0 | 2387 |     14 |      0 |          0 |
|   (nexys4ddr)  |             (top) |        616 |        604 |      12 |    0 | 1260 |     14 |      0 |          0 |
|   picorv32     |          picorv32 |       2390 |       2302 |      88 |    0 | 1127 |      0 |      0 |          0 |
|     (picorv32) |          picorv32 |       1698 |       1610 |      88 |    0 |  672 |      0 |      0 |          0 |
|     pcpi_div   | picorv32_pcpi_div |        391 |        391 |       0 |    0 |  200 |      0 |      0 |          0 |
|     pcpi_mul   | picorv32_pcpi_mul |        301 |        301 |       0 |    0 |  255 |      0 |      0 |          0 |
+----------------+-------------------+------------+------------+---------+------+------+--------+--------+------------+
* Note: The sum of lower-level cells may be larger than their parent cells total, due to cross-hierarchy LUT combining


