#-----------------------------------------------------------
# Vivado v2021.1 (64-bit)
# SW Build 3247384 on Thu Jun 10 19:36:07 MDT 2021
# IP Build 3246043 on Fri Jun 11 00:30:35 MDT 2021
# Start of session at: Wed Jun 22 15:07:02 2022
# Process ID: 6391
# Current directory: /home/etorob/Documentos/SoC_project_2022/build/nexys4ddr/gateware
# Command line: vivado -mode batch -source nexys4ddr.tcl
# Log file: /home/etorob/Documentos/SoC_project_2022/build/nexys4ddr/gateware/vivado.log
# Journal file: /home/etorob/Documentos/SoC_project_2022/build/nexys4ddr/gateware/vivado.jou
#-----------------------------------------------------------
source nexys4ddr.tcl
# create_project -force -name nexys4ddr -part xc7a100t-CSG324-1
# set_msg_config -id {Common 17-55} -new_severity {Warning}
# read_verilog {/opt/Litex/pythondata-cpu-picorv32/pythondata_cpu_picorv32/verilog/picorv32.v}
# read_verilog {/home/etorob/Documentos/SoC_project_2022/build/nexys4ddr/gateware/nexys4ddr.v}
# read_xdc nexys4ddr.xdc
# set_property PROCESSING_ORDER EARLY [get_files nexys4ddr.xdc]
# synth_design -directive default -top nexys4ddr -part xc7a100t-CSG324-1
Command: synth_design -directive default -top nexys4ddr -part xc7a100t-CSG324-1
Starting synth_design
Attempting to get a license for feature 'Synthesis' and/or device 'xc7a100t'
INFO: [Common 17-349] Got license for feature 'Synthesis' and/or device 'xc7a100t'
INFO: [Device 21-403] Loading part xc7a100tcsg324-1
INFO: [Synth 8-7079] Multithreading enabled for synth_design using a maximum of 4 processes.
INFO: [Synth 8-7078] Launching helper process for spawning children vivado processes
INFO: [Synth 8-7075] Helper process launched with PID 6437
---------------------------------------------------------------------------------
Starting RTL Elaboration : Time (s): cpu = 00:00:02 ; elapsed = 00:00:02 . Memory (MB): peak = 2444.418 ; gain = 0.000 ; free physical = 1069 ; free virtual = 6556
---------------------------------------------------------------------------------
INFO: [Synth 8-6157] synthesizing module 'nexys4ddr' [/home/etorob/Documentos/SoC_project_2022/build/nexys4ddr/gateware/nexys4ddr.v:20]
INFO: [Synth 8-3876] $readmem data file 'nexys4ddr_rom.init' is read successfully [/home/etorob/Documentos/SoC_project_2022/build/nexys4ddr/gateware/nexys4ddr.v:2476]
INFO: [Synth 8-3876] $readmem data file 'nexys4ddr_sram.init' is read successfully [/home/etorob/Documentos/SoC_project_2022/build/nexys4ddr/gateware/nexys4ddr.v:2491]
INFO: [Synth 8-3876] $readmem data file 'nexys4ddr_main_ram.init' is read successfully [/home/etorob/Documentos/SoC_project_2022/build/nexys4ddr/gateware/nexys4ddr.v:2514]
INFO: [Synth 8-155] case statement is not full and has no default [/home/etorob/Documentos/SoC_project_2022/build/nexys4ddr/gateware/nexys4ddr.v:2000]
INFO: [Synth 8-155] case statement is not full and has no default [/home/etorob/Documentos/SoC_project_2022/build/nexys4ddr/gateware/nexys4ddr.v:2009]
INFO: [Synth 8-155] case statement is not full and has no default [/home/etorob/Documentos/SoC_project_2022/build/nexys4ddr/gateware/nexys4ddr.v:2032]
INFO: [Synth 8-155] case statement is not full and has no default [/home/etorob/Documentos/SoC_project_2022/build/nexys4ddr/gateware/nexys4ddr.v:2093]
INFO: [Synth 8-155] case statement is not full and has no default [/home/etorob/Documentos/SoC_project_2022/build/nexys4ddr/gateware/nexys4ddr.v:2161]
INFO: [Synth 8-155] case statement is not full and has no default [/home/etorob/Documentos/SoC_project_2022/build/nexys4ddr/gateware/nexys4ddr.v:2229]
INFO: [Synth 8-155] case statement is not full and has no default [/home/etorob/Documentos/SoC_project_2022/build/nexys4ddr/gateware/nexys4ddr.v:2241]
INFO: [Synth 8-155] case statement is not full and has no default [/home/etorob/Documentos/SoC_project_2022/build/nexys4ddr/gateware/nexys4ddr.v:2250]
INFO: [Synth 8-155] case statement is not full and has no default [/home/etorob/Documentos/SoC_project_2022/build/nexys4ddr/gateware/nexys4ddr.v:2305]
INFO: [Synth 8-6157] synthesizing module 'picorv32' [/opt/Litex/pythondata-cpu-picorv32/pythondata_cpu_picorv32/verilog/picorv32.v:62]
	Parameter ENABLE_COUNTERS bound to: 1'b1 
	Parameter ENABLE_COUNTERS64 bound to: 1'b1 
	Parameter ENABLE_REGS_16_31 bound to: 1'b1 
	Parameter ENABLE_REGS_DUALPORT bound to: 1'b1 
	Parameter LATCHED_MEM_RDATA bound to: 1'b0 
	Parameter TWO_STAGE_SHIFT bound to: 1'b1 
	Parameter TWO_CYCLE_COMPARE bound to: 1'b0 
	Parameter TWO_CYCLE_ALU bound to: 1'b0 
	Parameter CATCH_MISALIGN bound to: 1'b1 
	Parameter CATCH_ILLINSN bound to: 1'b1 
	Parameter ENABLE_PCPI bound to: 1'b0 
	Parameter ENABLE_MUL bound to: 1'b1 
	Parameter ENABLE_FAST_MUL bound to: 1'b0 
	Parameter ENABLE_DIV bound to: 1'b1 
	Parameter ENABLE_IRQ bound to: 1'b1 
	Parameter ENABLE_IRQ_QREGS bound to: 1'b1 
	Parameter ENABLE_IRQ_TIMER bound to: 1'b1 
	Parameter ENABLE_TRACE bound to: 1'b0 
	Parameter MASKED_IRQ bound to: 0 - type: integer 
	Parameter LATCHED_IRQ bound to: -1 - type: integer 
	Parameter PROGADDR_RESET bound to: 0 - type: integer 
	Parameter PROGADDR_IRQ bound to: 16 - type: integer 
	Parameter STACKADDR bound to: -1 - type: integer 
INFO: [Synth 8-6157] synthesizing module 'picorv32_pcpi_mul' [/opt/Litex/pythondata-cpu-picorv32/pythondata_cpu_picorv32/verilog/picorv32.v:2192]
INFO: [Synth 8-155] case statement is not full and has no default [/opt/Litex/pythondata-cpu-picorv32/pythondata_cpu_picorv32/verilog/picorv32.v:2223]
INFO: [Synth 8-6155] done synthesizing module 'picorv32_pcpi_mul' (1#1) [/opt/Litex/pythondata-cpu-picorv32/pythondata_cpu_picorv32/verilog/picorv32.v:2192]
INFO: [Synth 8-6157] synthesizing module 'picorv32_pcpi_div' [/opt/Litex/pythondata-cpu-picorv32/pythondata_cpu_picorv32/verilog/picorv32.v:2415]
INFO: [Synth 8-155] case statement is not full and has no default [/opt/Litex/pythondata-cpu-picorv32/pythondata_cpu_picorv32/verilog/picorv32.v:2440]
INFO: [Synth 8-6155] done synthesizing module 'picorv32_pcpi_div' (2#1) [/opt/Litex/pythondata-cpu-picorv32/pythondata_cpu_picorv32/verilog/picorv32.v:2415]
INFO: [Synth 8-155] case statement is not full and has no default [/opt/Litex/pythondata-cpu-picorv32/pythondata_cpu_picorv32/verilog/picorv32.v:332]
WARNING: [Synth 8-151] case item 1'b0 is unreachable [/opt/Litex/pythondata-cpu-picorv32/pythondata_cpu_picorv32/verilog/picorv32.v:1264]
INFO: [Synth 8-155] case statement is not full and has no default [/opt/Litex/pythondata-cpu-picorv32/pythondata_cpu_picorv32/verilog/picorv32.v:1310]
INFO: [Synth 8-155] case statement is not full and has no default [/opt/Litex/pythondata-cpu-picorv32/pythondata_cpu_picorv32/verilog/picorv32.v:1493]
INFO: [Synth 8-6155] done synthesizing module 'picorv32' (3#1) [/opt/Litex/pythondata-cpu-picorv32/pythondata_cpu_picorv32/verilog/picorv32.v:62]
WARNING: [Synth 8-7071] port 'trace_valid' of module 'picorv32' is unconnected for instance 'picorv32' [/home/etorob/Documentos/SoC_project_2022/build/nexys4ddr/gateware/nexys4ddr.v:2597]
WARNING: [Synth 8-7071] port 'trace_data' of module 'picorv32' is unconnected for instance 'picorv32' [/home/etorob/Documentos/SoC_project_2022/build/nexys4ddr/gateware/nexys4ddr.v:2597]
WARNING: [Synth 8-7023] instance 'picorv32' of module 'picorv32' has 27 connections declared, but only 25 given [/home/etorob/Documentos/SoC_project_2022/build/nexys4ddr/gateware/nexys4ddr.v:2597]
INFO: [Synth 8-6155] done synthesizing module 'nexys4ddr' (4#1) [/home/etorob/Documentos/SoC_project_2022/build/nexys4ddr/gateware/nexys4ddr.v:20]
---------------------------------------------------------------------------------
Finished RTL Elaboration : Time (s): cpu = 00:00:03 ; elapsed = 00:00:04 . Memory (MB): peak = 2444.418 ; gain = 0.000 ; free physical = 235 ; free virtual = 5664
---------------------------------------------------------------------------------
---------------------------------------------------------------------------------
Start Handling Custom Attributes
---------------------------------------------------------------------------------
---------------------------------------------------------------------------------
Finished Handling Custom Attributes : Time (s): cpu = 00:00:04 ; elapsed = 00:00:04 . Memory (MB): peak = 2444.418 ; gain = 0.000 ; free physical = 1029 ; free virtual = 6469
---------------------------------------------------------------------------------
---------------------------------------------------------------------------------
Finished RTL Optimization Phase 1 : Time (s): cpu = 00:00:04 ; elapsed = 00:00:04 . Memory (MB): peak = 2444.418 ; gain = 0.000 ; free physical = 1028 ; free virtual = 6469
---------------------------------------------------------------------------------
Netlist sorting complete. Time (s): cpu = 00:00:00.04 ; elapsed = 00:00:00.03 . Memory (MB): peak = 2444.418 ; gain = 0.000 ; free physical = 1004 ; free virtual = 6445
INFO: [Project 1-570] Preparing netlist for logic optimization

Processing XDC Constraints
Initializing timing engine
Parsing XDC File [/home/etorob/Documentos/SoC_project_2022/build/nexys4ddr/gateware/nexys4ddr.xdc]
WARNING: [Vivado 12-180] No cells matched 'get_cells -hierarchical -filter {ars_ff1 == TRUE || ars_ff2 == TRUE}'. [/home/etorob/Documentos/SoC_project_2022/build/nexys4ddr/gateware/nexys4ddr.xdc:210]
WARNING: [Vivado 12-508] No pins matched 'get_pins -filter {REF_PIN_NAME == PRE} -of_objects [get_cells -hierarchical -filter {ars_ff1 == TRUE || ars_ff2 == TRUE}]'. [/home/etorob/Documentos/SoC_project_2022/build/nexys4ddr/gateware/nexys4ddr.xdc:210]
WARNING: [Vivado 12-180] No cells matched 'get_cells -hierarchical -filter {ars_ff1 == TRUE}'. [/home/etorob/Documentos/SoC_project_2022/build/nexys4ddr/gateware/nexys4ddr.xdc:212]
WARNING: [Vivado 12-508] No pins matched 'get_pins -filter {REF_PIN_NAME == C} -of_objects [get_cells -hierarchical -filter {ars_ff1 == TRUE}]'. [/home/etorob/Documentos/SoC_project_2022/build/nexys4ddr/gateware/nexys4ddr.xdc:212]
WARNING: [Vivado 12-180] No cells matched 'get_cells -hierarchical -filter {ars_ff2 == TRUE}'. [/home/etorob/Documentos/SoC_project_2022/build/nexys4ddr/gateware/nexys4ddr.xdc:212]
WARNING: [Vivado 12-508] No pins matched 'get_pins -filter {REF_PIN_NAME == D} -of_objects [get_cells -hierarchical -filter {ars_ff2 == TRUE}]'. [/home/etorob/Documentos/SoC_project_2022/build/nexys4ddr/gateware/nexys4ddr.xdc:212]
Finished Parsing XDC File [/home/etorob/Documentos/SoC_project_2022/build/nexys4ddr/gateware/nexys4ddr.xdc]
INFO: [Project 1-236] Implementation specific constraints were found while reading constraint file [/home/etorob/Documentos/SoC_project_2022/build/nexys4ddr/gateware/nexys4ddr.xdc]. These constraints will be ignored for synthesis but will be used in implementation. Impacted constraints are listed in the file [.Xil/nexys4ddr_propImpl.xdc].
Resolution: To avoid this warning, move constraints listed in [.Xil/nexys4ddr_propImpl.xdc] to another XDC file and exclude this new file from synthesis with the used_in_synthesis property (File Properties dialog in GUI) and re-run elaboration/synthesis.
Completed Processing XDC Constraints

Netlist sorting complete. Time (s): cpu = 00:00:00 ; elapsed = 00:00:00 . Memory (MB): peak = 2508.367 ; gain = 0.000 ; free physical = 980 ; free virtual = 6406
INFO: [Project 1-111] Unisim Transformation Summary:
No Unisim elements were transformed.

Constraint Validation Runtime : Time (s): cpu = 00:00:00 ; elapsed = 00:00:00 . Memory (MB): peak = 2508.367 ; gain = 0.000 ; free physical = 980 ; free virtual = 6406
---------------------------------------------------------------------------------
Finished Constraint Validation : Time (s): cpu = 00:00:08 ; elapsed = 00:00:08 . Memory (MB): peak = 2508.367 ; gain = 63.949 ; free physical = 1081 ; free virtual = 6506
---------------------------------------------------------------------------------
---------------------------------------------------------------------------------
Start Loading Part and Timing Information
---------------------------------------------------------------------------------
Loading part: xc7a100tcsg324-1
---------------------------------------------------------------------------------
Finished Loading Part and Timing Information : Time (s): cpu = 00:00:08 ; elapsed = 00:00:08 . Memory (MB): peak = 2508.367 ; gain = 63.949 ; free physical = 1081 ; free virtual = 6505
---------------------------------------------------------------------------------
---------------------------------------------------------------------------------
Start Applying 'set_property' XDC Constraints
---------------------------------------------------------------------------------
---------------------------------------------------------------------------------
Finished applying 'set_property' XDC Constraints : Time (s): cpu = 00:00:08 ; elapsed = 00:00:08 . Memory (MB): peak = 2508.367 ; gain = 63.949 ; free physical = 1080 ; free virtual = 6507
---------------------------------------------------------------------------------
---------------------------------------------------------------------------------
Finished RTL Optimization Phase 2 : Time (s): cpu = 00:00:09 ; elapsed = 00:00:09 . Memory (MB): peak = 2508.367 ; gain = 63.949 ; free physical = 1067 ; free virtual = 6495
---------------------------------------------------------------------------------
---------------------------------------------------------------------------------
Start RTL Component Statistics 
---------------------------------------------------------------------------------
Detailed RTL Component Info : 
+---Adders : 
	   2 Input   63 Bit       Adders := 1     
	   2 Input   33 Bit       Adders := 2     
	   2 Input   32 Bit       Adders := 15    
	   3 Input   32 Bit       Adders := 1     
	   2 Input    7 Bit       Adders := 1     
	   3 Input    5 Bit       Adders := 16    
	   2 Input    5 Bit       Adders := 4     
	   2 Input    4 Bit       Adders := 9     
	   2 Input    3 Bit       Adders := 1     
+---XORs : 
	   2 Input     32 Bit         XORs := 1     
+---Registers : 
	               64 Bit    Registers := 4     
	               63 Bit    Registers := 1     
	               36 Bit    Registers := 1     
	               32 Bit    Registers := 48    
	               12 Bit    Registers := 1     
	               11 Bit    Registers := 1     
	               10 Bit    Registers := 1     
	                8 Bit    Registers := 16    
	                7 Bit    Registers := 1     
	                6 Bit    Registers := 3     
	                5 Bit    Registers := 3     
	                4 Bit    Registers := 9     
	                3 Bit    Registers := 4     
	                2 Bit    Registers := 6     
	                1 Bit    Registers := 145   
+---RAMs : 
	             128K Bit	(4096 X 32 bit)          RAMs := 1     
	              64K Bit	(2048 X 32 bit)          RAMs := 1     
	               1K Bit	(36 X 32 bit)          RAMs := 1     
	              160 Bit	(16 X 10 bit)          RAMs := 2     
+---ROMs : 
	                    ROMs := 1     
+---Muxes : 
	   2 Input   64 Bit        Muxes := 4     
	   2 Input   63 Bit        Muxes := 2     
	   2 Input   32 Bit        Muxes := 54    
	   5 Input   32 Bit        Muxes := 5     
	  12 Input   32 Bit        Muxes := 4     
	   9 Input   32 Bit        Muxes := 4     
	   3 Input   32 Bit        Muxes := 1     
	   6 Input   32 Bit        Muxes := 1     
	   4 Input   32 Bit        Muxes := 6     
	   2 Input   16 Bit        Muxes := 1     
	   2 Input   14 Bit        Muxes := 2     
	   4 Input    8 Bit        Muxes := 2     
	   3 Input    8 Bit        Muxes := 3     
	  12 Input    8 Bit        Muxes := 1     
	   9 Input    8 Bit        Muxes := 1     
	   2 Input    8 Bit        Muxes := 20    
	   5 Input    8 Bit        Muxes := 1     
	   4 Input    7 Bit        Muxes := 1     
	   2 Input    7 Bit        Muxes := 1     
	   3 Input    6 Bit        Muxes := 1     
	   4 Input    6 Bit        Muxes := 1     
	   2 Input    6 Bit        Muxes := 2     
	   9 Input    6 Bit        Muxes := 1     
	  12 Input    5 Bit        Muxes := 1     
	   2 Input    5 Bit        Muxes := 1     
	   9 Input    5 Bit        Muxes := 1     
	   3 Input    4 Bit        Muxes := 1     
	   5 Input    4 Bit        Muxes := 1     
	   4 Input    4 Bit        Muxes := 1     
	   2 Input    4 Bit        Muxes := 1     
	   2 Input    3 Bit        Muxes := 3     
	   2 Input    2 Bit        Muxes := 4     
	   9 Input    2 Bit        Muxes := 1     
	   6 Input    2 Bit        Muxes := 1     
	   2 Input    1 Bit        Muxes := 92    
	   4 Input    1 Bit        Muxes := 18    
	   9 Input    1 Bit        Muxes := 34    
	   5 Input    1 Bit        Muxes := 2     
	  12 Input    1 Bit        Muxes := 7     
	   3 Input    1 Bit        Muxes := 3     
	   7 Input    1 Bit        Muxes := 1     
---------------------------------------------------------------------------------
Finished RTL Component Statistics 
---------------------------------------------------------------------------------
---------------------------------------------------------------------------------
Start Part Resource Summary
---------------------------------------------------------------------------------
Part Resources:
DSPs: 240 (col length:80)
BRAMs: 270 (col length: RAMB18 80 RAMB36 40)
---------------------------------------------------------------------------------
Finished Part Resource Summary
---------------------------------------------------------------------------------
---------------------------------------------------------------------------------
Start Cross Boundary and Area Optimization
---------------------------------------------------------------------------------
RAM Pipeline Warning: Read Address Register Found For RAM sram_reg. We will not be able to pipeline it. This may degrade performance. 
RAM Pipeline Warning: Read Address Register Found For RAM sram_reg. We will not be able to pipeline it. This may degrade performance. 
RAM Pipeline Warning: Read Address Register Found For RAM main_ram_reg. We will not be able to pipeline it. This may degrade performance. 
RAM Pipeline Warning: Read Address Register Found For RAM main_ram_reg. We will not be able to pipeline it. This may degrade performance. 
RAM Pipeline Warning: Read Address Register Found For RAM sram_reg. We will not be able to pipeline it. This may degrade performance. 
RAM Pipeline Warning: Read Address Register Found For RAM main_ram_reg. We will not be able to pipeline it. This may degrade performance. 
---------------------------------------------------------------------------------
Finished Cross Boundary and Area Optimization : Time (s): cpu = 00:00:23 ; elapsed = 00:00:24 . Memory (MB): peak = 2508.367 ; gain = 63.949 ; free physical = 351 ; free virtual = 6074
---------------------------------------------------------------------------------
---------------------------------------------------------------------------------
Start ROM, RAM, DSP, Shift Register and Retiming Reporting
---------------------------------------------------------------------------------

ROM: Preliminary Mapping Report
+------------+--------------+---------------+----------------+
|Module Name | RTL Object   | Depth x Width | Implemented As | 
+------------+--------------+---------------+----------------+
|nexys4ddr   | rom_dat0_reg | 8192x32       | Block RAM      | 
+------------+--------------+---------------+----------------+


Block RAM: Preliminary Mapping Report (see note below)
+------------+--------------+------------------------+---+---+------------------------+---+---+------------------+--------+--------+
|Module Name | RTL Object   | PORT A (Depth x Width) | W | R | PORT B (Depth x Width) | W | R | Ports driving FF | RAMB18 | RAMB36 | 
+------------+--------------+------------------------+---+---+------------------------+---+---+------------------+--------+--------+
|nexys4ddr   | sram_reg     | 2 K x 32(WRITE_FIRST)  | W | R |                        |   |   | Port A           | 0      | 2      | 
|nexys4ddr   | main_ram_reg | 4 K x 32(WRITE_FIRST)  | W | R |                        |   |   | Port A           | 0      | 4      | 
+------------+--------------+------------------------+---+---+------------------------+---+---+------------------+--------+--------+

Note: The table above is a preliminary report that shows the Block RAMs at the current stage of the synthesis flow. Some Block RAMs may be reimplemented as non Block RAM primitives later in the synthesis flow. Multiple instantiated Block RAMs are reported only once. 

Distributed RAM: Preliminary Mapping Report (see note below)
+------------+---------------+-----------+----------------------+--------------+
|Module Name | RTL Object    | Inference | Size (Depth x Width) | Primitives   | 
+------------+---------------+-----------+----------------------+--------------+
|picorv32    | cpuregs_reg   | Implied   | 64 x 32              | RAM64M x 22  | 
|nexys4ddr   | storage_reg   | Implied   | 16 x 8               | RAM32M x 2   | 
|nexys4ddr   | storage_1_reg | Implied   | 16 x 8               | RAM32M x 2   | 
+------------+---------------+-----------+----------------------+--------------+

Note: The table above is a preliminary report that shows the Distributed RAMs at the current stage of the synthesis flow. Some Distributed RAMs may be reimplemented as non Distributed RAM primitives later in the synthesis flow. Multiple instantiated RAMs are reported only once.
---------------------------------------------------------------------------------
Finished ROM, RAM, DSP, Shift Register and Retiming Reporting
---------------------------------------------------------------------------------
---------------------------------------------------------------------------------
Start Applying XDC Timing Constraints
---------------------------------------------------------------------------------
---------------------------------------------------------------------------------
Finished Applying XDC Timing Constraints : Time (s): cpu = 00:00:27 ; elapsed = 00:00:28 . Memory (MB): peak = 2508.367 ; gain = 63.949 ; free physical = 227 ; free virtual = 5950
---------------------------------------------------------------------------------
---------------------------------------------------------------------------------
Start Timing Optimization
---------------------------------------------------------------------------------
---------------------------------------------------------------------------------
Finished Timing Optimization : Time (s): cpu = 00:00:27 ; elapsed = 00:00:28 . Memory (MB): peak = 2508.367 ; gain = 63.949 ; free physical = 225 ; free virtual = 5948
---------------------------------------------------------------------------------
---------------------------------------------------------------------------------
Start ROM, RAM, DSP, Shift Register and Retiming Reporting
---------------------------------------------------------------------------------

Block RAM: Final Mapping Report
+------------+--------------+------------------------+---+---+------------------------+---+---+------------------+--------+--------+
|Module Name | RTL Object   | PORT A (Depth x Width) | W | R | PORT B (Depth x Width) | W | R | Ports driving FF | RAMB18 | RAMB36 | 
+------------+--------------+------------------------+---+---+------------------------+---+---+------------------+--------+--------+
|nexys4ddr   | sram_reg     | 2 K x 32(WRITE_FIRST)  | W | R |                        |   |   | Port A           | 0      | 2      | 
|nexys4ddr   | main_ram_reg | 4 K x 32(WRITE_FIRST)  | W | R |                        |   |   | Port A           | 0      | 4      | 
+------------+--------------+------------------------+---+---+------------------------+---+---+------------------+--------+--------+


Distributed RAM: Final Mapping Report
+------------+---------------+-----------+----------------------+--------------+
|Module Name | RTL Object    | Inference | Size (Depth x Width) | Primitives   | 
+------------+---------------+-----------+----------------------+--------------+
|picorv32    | cpuregs_reg   | Implied   | 64 x 32              | RAM64M x 22  | 
|nexys4ddr   | storage_reg   | Implied   | 16 x 8               | RAM32M x 2   | 
|nexys4ddr   | storage_1_reg | Implied   | 16 x 8               | RAM32M x 2   | 
+------------+---------------+-----------+----------------------+--------------+

---------------------------------------------------------------------------------
Finished ROM, RAM, DSP, Shift Register and Retiming Reporting
---------------------------------------------------------------------------------
---------------------------------------------------------------------------------
Start Technology Mapping
---------------------------------------------------------------------------------
INFO: [Synth 8-7052] The timing for the instance sram_reg_0 (implemented as a Block RAM) might be sub-optimal as no optional output register could be merged into the ram block. Providing additional output register may help in improving timing.
INFO: [Synth 8-7052] The timing for the instance sram_reg_1 (implemented as a Block RAM) might be sub-optimal as no optional output register could be merged into the ram block. Providing additional output register may help in improving timing.
INFO: [Synth 8-7052] The timing for the instance main_ram_reg_0 (implemented as a Block RAM) might be sub-optimal as no optional output register could be merged into the ram block. Providing additional output register may help in improving timing.
INFO: [Synth 8-7052] The timing for the instance main_ram_reg_1 (implemented as a Block RAM) might be sub-optimal as no optional output register could be merged into the ram block. Providing additional output register may help in improving timing.
INFO: [Synth 8-7052] The timing for the instance main_ram_reg_2 (implemented as a Block RAM) might be sub-optimal as no optional output register could be merged into the ram block. Providing additional output register may help in improving timing.
INFO: [Synth 8-7052] The timing for the instance main_ram_reg_3 (implemented as a Block RAM) might be sub-optimal as no optional output register could be merged into the ram block. Providing additional output register may help in improving timing.
INFO: [Synth 8-7052] The timing for the instance rom_dat0_reg_0 (implemented as a Block RAM) might be sub-optimal as no optional output register could be merged into the ram block. Providing additional output register may help in improving timing.
INFO: [Synth 8-7052] The timing for the instance rom_dat0_reg_1 (implemented as a Block RAM) might be sub-optimal as no optional output register could be merged into the ram block. Providing additional output register may help in improving timing.
INFO: [Synth 8-7052] The timing for the instance rom_dat0_reg_2 (implemented as a Block RAM) might be sub-optimal as no optional output register could be merged into the ram block. Providing additional output register may help in improving timing.
INFO: [Synth 8-7052] The timing for the instance rom_dat0_reg_3 (implemented as a Block RAM) might be sub-optimal as no optional output register could be merged into the ram block. Providing additional output register may help in improving timing.
INFO: [Synth 8-7052] The timing for the instance rom_dat0_reg_4 (implemented as a Block RAM) might be sub-optimal as no optional output register could be merged into the ram block. Providing additional output register may help in improving timing.
INFO: [Synth 8-7052] The timing for the instance rom_dat0_reg_5 (implemented as a Block RAM) might be sub-optimal as no optional output register could be merged into the ram block. Providing additional output register may help in improving timing.
INFO: [Synth 8-7052] The timing for the instance rom_dat0_reg_6 (implemented as a Block RAM) might be sub-optimal as no optional output register could be merged into the ram block. Providing additional output register may help in improving timing.
INFO: [Synth 8-7052] The timing for the instance rom_dat0_reg_7 (implemented as a Block RAM) might be sub-optimal as no optional output register could be merged into the ram block. Providing additional output register may help in improving timing.
---------------------------------------------------------------------------------
Finished Technology Mapping : Time (s): cpu = 00:00:28 ; elapsed = 00:00:29 . Memory (MB): peak = 2508.367 ; gain = 63.949 ; free physical = 257 ; free virtual = 5968
---------------------------------------------------------------------------------
---------------------------------------------------------------------------------
Start IO Insertion
---------------------------------------------------------------------------------
---------------------------------------------------------------------------------
Start Flattening Before IO Insertion
---------------------------------------------------------------------------------
---------------------------------------------------------------------------------
Finished Flattening Before IO Insertion
---------------------------------------------------------------------------------
---------------------------------------------------------------------------------
Start Final Netlist Cleanup
---------------------------------------------------------------------------------
---------------------------------------------------------------------------------
Finished Final Netlist Cleanup
---------------------------------------------------------------------------------
---------------------------------------------------------------------------------
Finished IO Insertion : Time (s): cpu = 00:00:31 ; elapsed = 00:00:31 . Memory (MB): peak = 2508.367 ; gain = 63.949 ; free physical = 257 ; free virtual = 5967
---------------------------------------------------------------------------------
---------------------------------------------------------------------------------
Start Renaming Generated Instances
---------------------------------------------------------------------------------
---------------------------------------------------------------------------------
Finished Renaming Generated Instances : Time (s): cpu = 00:00:31 ; elapsed = 00:00:31 . Memory (MB): peak = 2508.367 ; gain = 63.949 ; free physical = 257 ; free virtual = 5967
---------------------------------------------------------------------------------
---------------------------------------------------------------------------------
Start Rebuilding User Hierarchy
---------------------------------------------------------------------------------
---------------------------------------------------------------------------------
Finished Rebuilding User Hierarchy : Time (s): cpu = 00:00:31 ; elapsed = 00:00:32 . Memory (MB): peak = 2508.367 ; gain = 63.949 ; free physical = 257 ; free virtual = 5967
---------------------------------------------------------------------------------
---------------------------------------------------------------------------------
Start Renaming Generated Ports
---------------------------------------------------------------------------------
---------------------------------------------------------------------------------
Finished Renaming Generated Ports : Time (s): cpu = 00:00:31 ; elapsed = 00:00:32 . Memory (MB): peak = 2508.367 ; gain = 63.949 ; free physical = 257 ; free virtual = 5967
---------------------------------------------------------------------------------
---------------------------------------------------------------------------------
Start Handling Custom Attributes
---------------------------------------------------------------------------------
---------------------------------------------------------------------------------
Finished Handling Custom Attributes : Time (s): cpu = 00:00:31 ; elapsed = 00:00:32 . Memory (MB): peak = 2508.367 ; gain = 63.949 ; free physical = 257 ; free virtual = 5967
---------------------------------------------------------------------------------
---------------------------------------------------------------------------------
Start Renaming Generated Nets
---------------------------------------------------------------------------------
---------------------------------------------------------------------------------
Finished Renaming Generated Nets : Time (s): cpu = 00:00:31 ; elapsed = 00:00:32 . Memory (MB): peak = 2508.367 ; gain = 63.949 ; free physical = 257 ; free virtual = 5967
---------------------------------------------------------------------------------
---------------------------------------------------------------------------------
Start Writing Synthesis Report
---------------------------------------------------------------------------------

Report BlackBoxes: 
+-+--------------+----------+
| |BlackBox name |Instances |
+-+--------------+----------+
+-+--------------+----------+

Report Cell Usage: 
+------+---------+------+
|      |Cell     |Count |
+------+---------+------+
|1     |BUFG     |     1|
|2     |CARRY4   |   327|
|3     |LUT1     |   454|
|4     |LUT2     |   310|
|5     |LUT3     |   276|
|6     |LUT4     |   884|
|7     |LUT5     |   468|
|8     |LUT6     |  1030|
|9     |MUXF7    |     8|
|10    |RAM32M   |     2|
|11    |RAM32X1D |     4|
|12    |RAM64M   |    22|
|13    |RAMB36E1 |    14|
|23    |FDRE     |  2257|
|24    |FDSE     |   120|
|25    |IBUF     |    14|
|26    |OBUF     |    33|
+------+---------+------+
---------------------------------------------------------------------------------
Finished Writing Synthesis Report : Time (s): cpu = 00:00:31 ; elapsed = 00:00:32 . Memory (MB): peak = 2508.367 ; gain = 63.949 ; free physical = 257 ; free virtual = 5967
---------------------------------------------------------------------------------
Synthesis finished with 0 errors, 0 critical warnings and 0 warnings.
Synthesis Optimization Runtime : Time (s): cpu = 00:00:29 ; elapsed = 00:00:30 . Memory (MB): peak = 2508.367 ; gain = 0.000 ; free physical = 311 ; free virtual = 6021
Synthesis Optimization Complete : Time (s): cpu = 00:00:31 ; elapsed = 00:00:32 . Memory (MB): peak = 2508.367 ; gain = 63.949 ; free physical = 311 ; free virtual = 6021
INFO: [Project 1-571] Translating synthesized netlist
Netlist sorting complete. Time (s): cpu = 00:00:00.03 ; elapsed = 00:00:00.03 . Memory (MB): peak = 2508.367 ; gain = 0.000 ; free physical = 393 ; free virtual = 6110
INFO: [Netlist 29-17] Analyzing 377 Unisim elements for replacement
INFO: [Netlist 29-28] Unisim Transformation completed in 0 CPU seconds
INFO: [Project 1-570] Preparing netlist for logic optimization
Parsing XDC File [/home/etorob/Documentos/SoC_project_2022/build/nexys4ddr/gateware/nexys4ddr.xdc]
WARNING: [Vivado 12-180] No cells matched 'get_cells -hierarchical -filter {ars_ff1 == TRUE || ars_ff2 == TRUE}'. [/home/etorob/Documentos/SoC_project_2022/build/nexys4ddr/gateware/nexys4ddr.xdc:210]
WARNING: [Vivado 12-508] No pins matched 'get_pins -filter {REF_PIN_NAME == PRE} -of_objects [get_cells -hierarchical -filter {ars_ff1 == TRUE || ars_ff2 == TRUE}]'. [/home/etorob/Documentos/SoC_project_2022/build/nexys4ddr/gateware/nexys4ddr.xdc:210]
WARNING: [Vivado 12-180] No cells matched 'get_cells -hierarchical -filter {ars_ff1 == TRUE}'. [/home/etorob/Documentos/SoC_project_2022/build/nexys4ddr/gateware/nexys4ddr.xdc:212]
WARNING: [Vivado 12-508] No pins matched 'get_pins -filter {REF_PIN_NAME == C} -of_objects [get_cells -hierarchical -filter {ars_ff1 == TRUE}]'. [/home/etorob/Documentos/SoC_project_2022/build/nexys4ddr/gateware/nexys4ddr.xdc:212]
WARNING: [Vivado 12-180] No cells matched 'get_cells -hierarchical -filter {ars_ff2 == TRUE}'. [/home/etorob/Documentos/SoC_project_2022/build/nexys4ddr/gateware/nexys4ddr.xdc:212]
WARNING: [Vivado 12-508] No pins matched 'get_pins -filter {REF_PIN_NAME == D} -of_objects [get_cells -hierarchical -filter {ars_ff2 == TRUE}]'. [/home/etorob/Documentos/SoC_project_2022/build/nexys4ddr/gateware/nexys4ddr.xdc:212]
Finished Parsing XDC File [/home/etorob/Documentos/SoC_project_2022/build/nexys4ddr/gateware/nexys4ddr.xdc]
INFO: [Opt 31-138] Pushed 0 inverter(s) to 0 load pin(s).
Netlist sorting complete. Time (s): cpu = 00:00:00 ; elapsed = 00:00:00 . Memory (MB): peak = 2508.367 ; gain = 0.000 ; free physical = 323 ; free virtual = 6053
INFO: [Project 1-111] Unisim Transformation Summary:
  A total of 28 instances were transformed.
  RAM32M => RAM32M (RAMD32(x6), RAMS32(x2)): 2 instances
  RAM32X1D => RAM32X1D (RAMD32(x2)): 4 instances
  RAM64M => RAM64M (RAMD64E(x4)): 22 instances

Synth Design complete, checksum: fc4e6bb4
INFO: [Common 17-83] Releasing license: Synthesis
54 Infos, 16 Warnings, 0 Critical Warnings and 0 Errors encountered.
synth_design completed successfully
synth_design: Time (s): cpu = 00:00:39 ; elapsed = 00:00:36 . Memory (MB): peak = 2508.367 ; gain = 64.031 ; free physical = 477 ; free virtual = 6207
# report_timing_summary -file nexys4ddr_timing_synth.rpt
INFO: [Timing 38-35] Done setting XDC timing constraints.
INFO: [Timing 38-91] UpdateTimingParams: Speed grade: -1, Delay Type: min_max.
INFO: [Timing 38-191] Multithreading enabled for timing update using a maximum of 8 CPUs
# report_utilization -hierarchical -file nexys4ddr_utilization_hierarchical_synth.rpt
# report_utilization -file nexys4ddr_utilization_synth.rpt
# opt_design -directive default
Command: opt_design -directive default
INFO: [Vivado_Tcl 4-136] Directive used for opt_design is: default
Attempting to get a license for feature 'Implementation' and/or device 'xc7a100t'
INFO: [Common 17-349] Got license for feature 'Implementation' and/or device 'xc7a100t'
Running DRC as a precondition to command opt_design

Starting DRC Task
INFO: [DRC 23-27] Running DRC with 8 threads
INFO: [Project 1-461] DRC finished with 0 Errors
INFO: [Project 1-462] Please refer to the DRC report (report_drc) for more information.

Time (s): cpu = 00:00:01 ; elapsed = 00:00:00.37 . Memory (MB): peak = 2872.676 ; gain = 127.469 ; free physical = 151 ; free virtual = 5894

Starting Cache Timing Information Task
Ending Cache Timing Information Task | Checksum: 2e1118ced

Time (s): cpu = 00:00:00 ; elapsed = 00:00:00 . Memory (MB): peak = 2872.676 ; gain = 0.000 ; free physical = 151 ; free virtual = 5894

Starting Logic Optimization Task

Phase 1 Retarget
INFO: [Opt 31-138] Pushed 0 inverter(s) to 0 load pin(s).
INFO: [Opt 31-49] Retargeted 0 cell(s).
Phase 1 Retarget | Checksum: 2b416bbd0

Time (s): cpu = 00:00:00.23 ; elapsed = 00:00:00.14 . Memory (MB): peak = 2928.660 ; gain = 0.000 ; free physical = 152 ; free virtual = 5749
INFO: [Opt 31-389] Phase Retarget created 0 cells and removed 2 cells
INFO: [Opt 31-1021] In phase Retarget, 12 netlist objects are constrained preventing optimization. Please run opt_design with -debug_log to get more detail. 

Phase 2 Constant propagation
INFO: [Opt 31-138] Pushed 0 inverter(s) to 0 load pin(s).
Phase 2 Constant propagation | Checksum: 2395b5a3f

Time (s): cpu = 00:00:00.27 ; elapsed = 00:00:00.18 . Memory (MB): peak = 2928.660 ; gain = 0.000 ; free physical = 152 ; free virtual = 5749
INFO: [Opt 31-389] Phase Constant propagation created 0 cells and removed 0 cells

Phase 3 Sweep
Phase 3 Sweep | Checksum: 2d2d2527e

Time (s): cpu = 00:00:00.33 ; elapsed = 00:00:00.24 . Memory (MB): peak = 2928.660 ; gain = 0.000 ; free physical = 152 ; free virtual = 5749
INFO: [Opt 31-389] Phase Sweep created 10 cells and removed 2 cells
INFO: [Opt 31-1021] In phase Sweep, 48 netlist objects are constrained preventing optimization. Please run opt_design with -debug_log to get more detail. 

Phase 4 BUFG optimization
Phase 4 BUFG optimization | Checksum: 2d2d2527e

Time (s): cpu = 00:00:00.39 ; elapsed = 00:00:00.30 . Memory (MB): peak = 2928.660 ; gain = 0.000 ; free physical = 151 ; free virtual = 5749
INFO: [Opt 31-662] Phase BUFG optimization created 0 cells of which 0 are BUFGs and removed 0 cells.

Phase 5 Shift Register Optimization
INFO: [Opt 31-1064] SRL Remap converted 0 SRLs to 0 registers and converted 0 registers of register chains to 0 SRLs
Phase 5 Shift Register Optimization | Checksum: 2d2d2527e

Time (s): cpu = 00:00:00.40 ; elapsed = 00:00:00.31 . Memory (MB): peak = 2928.660 ; gain = 0.000 ; free physical = 147 ; free virtual = 5750
INFO: [Opt 31-389] Phase Shift Register Optimization created 0 cells and removed 0 cells

Phase 6 Post Processing Netlist
Phase 6 Post Processing Netlist | Checksum: 2d2d2527e

Time (s): cpu = 00:00:00.41 ; elapsed = 00:00:00.32 . Memory (MB): peak = 2928.660 ; gain = 0.000 ; free physical = 147 ; free virtual = 5750
INFO: [Opt 31-389] Phase Post Processing Netlist created 0 cells and removed 0 cells
Opt_design Change Summary
=========================


-------------------------------------------------------------------------------------------------------------------------
|  Phase                        |  #Cells created  |  #Cells Removed  |  #Constrained objects preventing optimizations  |
-------------------------------------------------------------------------------------------------------------------------
|  Retarget                     |               0  |               2  |                                             12  |
|  Constant propagation         |               0  |               0  |                                              0  |
|  Sweep                        |              10  |               2  |                                             48  |
|  BUFG optimization            |               0  |               0  |                                              0  |
|  Shift Register Optimization  |               0  |               0  |                                              0  |
|  Post Processing Netlist      |               0  |               0  |                                              0  |
-------------------------------------------------------------------------------------------------------------------------



Starting Connectivity Check Task

Time (s): cpu = 00:00:00 ; elapsed = 00:00:00.01 . Memory (MB): peak = 2928.660 ; gain = 0.000 ; free physical = 149 ; free virtual = 5749
Ending Logic Optimization Task | Checksum: 2541d32c5

Time (s): cpu = 00:00:00.63 ; elapsed = 00:00:00.42 . Memory (MB): peak = 2928.660 ; gain = 0.000 ; free physical = 149 ; free virtual = 5749

Starting Power Optimization Task
INFO: [Pwropt 34-132] Skipping clock gating for clocks with a period < 2.00 ns.
INFO: [Timing 38-35] Done setting XDC timing constraints.
WARNING: [Power 33-232] No user defined clocks were found in the design! Power estimation will be inaccurate until this is corrected.
Resolution: Please specify clocks using create_clock/create_generated_clock for sequential elements. For pure combinatorial circuits, please specify a virtual clock, otherwise the vectorless estimation might be inaccurate
Running Vector-less Activity Propagation...
INFO: [Pwropt 34-9] Applying IDT optimizations ...
INFO: [Pwropt 34-10] Applying ODC optimizations ...

Finished Running Vector-less Activity Propagation


Starting PowerOpt Patch Enables Task
INFO: [Pwropt 34-162] WRITE_MODE attribute of 0 BRAM(s) out of a total of 14 has been updated to save power. Run report_power_opt to get a complete listing of the BRAMs updated.
INFO: [Pwropt 34-201] Structural ODC has moved 0 WE to EN ports
Number of BRAM Ports augmented: 0 newly gated: 0 Total Ports: 28
Ending PowerOpt Patch Enables Task | Checksum: 2541d32c5

Time (s): cpu = 00:00:00.04 ; elapsed = 00:00:00.05 . Memory (MB): peak = 3146.562 ; gain = 0.000 ; free physical = 291 ; free virtual = 5880
Ending Power Optimization Task | Checksum: 2541d32c5

Time (s): cpu = 00:00:03 ; elapsed = 00:00:01 . Memory (MB): peak = 3146.562 ; gain = 217.902 ; free physical = 297 ; free virtual = 5888

Starting Final Cleanup Task
Ending Final Cleanup Task | Checksum: 2541d32c5

Time (s): cpu = 00:00:00 ; elapsed = 00:00:00 . Memory (MB): peak = 3146.562 ; gain = 0.000 ; free physical = 297 ; free virtual = 5888

Starting Netlist Obfuscation Task
Netlist sorting complete. Time (s): cpu = 00:00:00 ; elapsed = 00:00:00 . Memory (MB): peak = 3146.562 ; gain = 0.000 ; free physical = 297 ; free virtual = 5888
Ending Netlist Obfuscation Task | Checksum: 2541d32c5

Time (s): cpu = 00:00:00 ; elapsed = 00:00:00 . Memory (MB): peak = 3146.562 ; gain = 0.000 ; free physical = 297 ; free virtual = 5888
INFO: [Common 17-83] Releasing license: Implementation
24 Infos, 1 Warnings, 0 Critical Warnings and 0 Errors encountered.
opt_design completed successfully
# place_design -directive default
Command: place_design -directive default
Attempting to get a license for feature 'Implementation' and/or device 'xc7a100t'
INFO: [Common 17-349] Got license for feature 'Implementation' and/or device 'xc7a100t'
INFO: [Timing 38-35] Done setting XDC timing constraints.
INFO: [DRC 23-27] Running DRC with 8 threads
INFO: [Vivado_Tcl 4-198] DRC finished with 0 Errors
INFO: [Vivado_Tcl 4-199] Please refer to the DRC report (report_drc) for more information.
Running DRC as a precondition to command place_design
INFO: [DRC 23-27] Running DRC with 8 threads
INFO: [Vivado_Tcl 4-198] DRC finished with 0 Errors
INFO: [Vivado_Tcl 4-199] Please refer to the DRC report (report_drc) for more information.

Starting Placer Task
INFO: [Place 46-5] The placer was invoked with the 'default' directive.
INFO: [Place 30-611] Multithreading enabled for place_design using a maximum of 8 CPUs

Phase 1 Placer Initialization

Phase 1.1 Placer Initialization Netlist Sorting
Netlist sorting complete. Time (s): cpu = 00:00:00 ; elapsed = 00:00:00.01 . Memory (MB): peak = 3146.562 ; gain = 0.000 ; free physical = 258 ; free virtual = 5846
Phase 1.1 Placer Initialization Netlist Sorting | Checksum: 18141db61

Time (s): cpu = 00:00:00.01 ; elapsed = 00:00:00.03 . Memory (MB): peak = 3146.562 ; gain = 0.000 ; free physical = 258 ; free virtual = 5846
Netlist sorting complete. Time (s): cpu = 00:00:00 ; elapsed = 00:00:00 . Memory (MB): peak = 3146.562 ; gain = 0.000 ; free physical = 258 ; free virtual = 5846

Phase 1.2 IO Placement/ Clock Placement/ Build Placer Device
Phase 1.2 IO Placement/ Clock Placement/ Build Placer Device | Checksum: 10cbba66f

Time (s): cpu = 00:00:00.81 ; elapsed = 00:00:00.33 . Memory (MB): peak = 3146.562 ; gain = 0.000 ; free physical = 286 ; free virtual = 5877

Phase 1.3 Build Placer Netlist Model
Phase 1.3 Build Placer Netlist Model | Checksum: 175c0be53

Time (s): cpu = 00:00:02 ; elapsed = 00:00:00.73 . Memory (MB): peak = 3146.562 ; gain = 0.000 ; free physical = 293 ; free virtual = 5879

Phase 1.4 Constrain Clocks/Macros
Phase 1.4 Constrain Clocks/Macros | Checksum: 175c0be53

Time (s): cpu = 00:00:02 ; elapsed = 00:00:00.74 . Memory (MB): peak = 3146.562 ; gain = 0.000 ; free physical = 293 ; free virtual = 5879
Phase 1 Placer Initialization | Checksum: 175c0be53

Time (s): cpu = 00:00:02 ; elapsed = 00:00:00.75 . Memory (MB): peak = 3146.562 ; gain = 0.000 ; free physical = 293 ; free virtual = 5879

Phase 2 Global Placement

Phase 2.1 Floorplanning
Phase 2.1 Floorplanning | Checksum: 175c0be53

Time (s): cpu = 00:00:02 ; elapsed = 00:00:00.75 . Memory (MB): peak = 3146.562 ; gain = 0.000 ; free physical = 291 ; free virtual = 5878

Phase 2.2 Update Timing before SLR Path Opt
Phase 2.2 Update Timing before SLR Path Opt | Checksum: 175c0be53

Time (s): cpu = 00:00:02 ; elapsed = 00:00:00.76 . Memory (MB): peak = 3146.562 ; gain = 0.000 ; free physical = 291 ; free virtual = 5878

Phase 2.3 Post-Processing in Floorplanning
Phase 2.3 Post-Processing in Floorplanning | Checksum: 175c0be53

Time (s): cpu = 00:00:02 ; elapsed = 00:00:00.76 . Memory (MB): peak = 3146.562 ; gain = 0.000 ; free physical = 291 ; free virtual = 5878

Phase 2.4 Global Placement Core
WARNING: [Place 46-29] place_design is not in timing mode. Skip physical synthesis in placer
Phase 2.4 Global Placement Core | Checksum: 1cf0700ef

Time (s): cpu = 00:00:12 ; elapsed = 00:00:03 . Memory (MB): peak = 3146.562 ; gain = 0.000 ; free physical = 209 ; free virtual = 5826
Phase 2 Global Placement | Checksum: 1cf0700ef

Time (s): cpu = 00:00:12 ; elapsed = 00:00:03 . Memory (MB): peak = 3146.562 ; gain = 0.000 ; free physical = 211 ; free virtual = 5829

Phase 3 Detail Placement

Phase 3.1 Commit Multi Column Macros
Phase 3.1 Commit Multi Column Macros | Checksum: 1cf0700ef

Time (s): cpu = 00:00:12 ; elapsed = 00:00:03 . Memory (MB): peak = 3146.562 ; gain = 0.000 ; free physical = 225 ; free virtual = 5845

Phase 3.2 Commit Most Macros & LUTRAMs
Phase 3.2 Commit Most Macros & LUTRAMs | Checksum: 1402db2c5

Time (s): cpu = 00:00:12 ; elapsed = 00:00:03 . Memory (MB): peak = 3146.562 ; gain = 0.000 ; free physical = 201 ; free virtual = 5850

Phase 3.3 Area Swap Optimization
Phase 3.3 Area Swap Optimization | Checksum: 1d4ff8864

Time (s): cpu = 00:00:12 ; elapsed = 00:00:03 . Memory (MB): peak = 3146.562 ; gain = 0.000 ; free physical = 201 ; free virtual = 5850

Phase 3.4 Pipeline Register Optimization
Phase 3.4 Pipeline Register Optimization | Checksum: 1d4ff8864

Time (s): cpu = 00:00:12 ; elapsed = 00:00:03 . Memory (MB): peak = 3146.562 ; gain = 0.000 ; free physical = 201 ; free virtual = 5850

Phase 3.5 Small Shape Detail Placement
Phase 3.5 Small Shape Detail Placement | Checksum: 1cda467db

Time (s): cpu = 00:00:13 ; elapsed = 00:00:03 . Memory (MB): peak = 3146.562 ; gain = 0.000 ; free physical = 193 ; free virtual = 5848

Phase 3.6 Re-assign LUT pins
Phase 3.6 Re-assign LUT pins | Checksum: 20f5f4b97

Time (s): cpu = 00:00:14 ; elapsed = 00:00:04 . Memory (MB): peak = 3146.562 ; gain = 0.000 ; free physical = 193 ; free virtual = 5848

Phase 3.7 Pipeline Register Optimization
Phase 3.7 Pipeline Register Optimization | Checksum: 20f5f4b97

Time (s): cpu = 00:00:14 ; elapsed = 00:00:04 . Memory (MB): peak = 3146.562 ; gain = 0.000 ; free physical = 206 ; free virtual = 5847
Phase 3 Detail Placement | Checksum: 20f5f4b97

Time (s): cpu = 00:00:14 ; elapsed = 00:00:04 . Memory (MB): peak = 3146.562 ; gain = 0.000 ; free physical = 207 ; free virtual = 5847

Phase 4 Post Placement Optimization and Clean-Up

Phase 4.1 Post Commit Optimization
Phase 4.1 Post Commit Optimization | Checksum: 20f5f4b97

Time (s): cpu = 00:00:14 ; elapsed = 00:00:04 . Memory (MB): peak = 3146.562 ; gain = 0.000 ; free physical = 207 ; free virtual = 5847

Phase 4.2 Post Placement Cleanup
Phase 4.2 Post Placement Cleanup | Checksum: 20f5f4b97

Time (s): cpu = 00:00:14 ; elapsed = 00:00:04 . Memory (MB): peak = 3146.562 ; gain = 0.000 ; free physical = 207 ; free virtual = 5847

Phase 4.3 Placer Reporting

Phase 4.3.1 Print Estimated Congestion
INFO: [Place 30-612] Post-Placement Estimated Congestion 
 ____________________________________________________
|           | Global Congestion | Short Congestion  |
| Direction | Region Size       | Region Size       |
|___________|___________________|___________________|
|      North|                1x1|                2x2|
|___________|___________________|___________________|
|      South|                1x1|                2x2|
|___________|___________________|___________________|
|       East|                1x1|                2x2|
|___________|___________________|___________________|
|       West|                1x1|                1x1|
|___________|___________________|___________________|

Phase 4.3.1 Print Estimated Congestion | Checksum: 20f5f4b97

Time (s): cpu = 00:00:14 ; elapsed = 00:00:04 . Memory (MB): peak = 3146.562 ; gain = 0.000 ; free physical = 207 ; free virtual = 5847
Phase 4.3 Placer Reporting | Checksum: 20f5f4b97

Time (s): cpu = 00:00:14 ; elapsed = 00:00:04 . Memory (MB): peak = 3146.562 ; gain = 0.000 ; free physical = 206 ; free virtual = 5848

Phase 4.4 Final Placement Cleanup
Netlist sorting complete. Time (s): cpu = 00:00:00.01 ; elapsed = 00:00:00 . Memory (MB): peak = 3146.562 ; gain = 0.000 ; free physical = 207 ; free virtual = 5849

Time (s): cpu = 00:00:14 ; elapsed = 00:00:04 . Memory (MB): peak = 3146.562 ; gain = 0.000 ; free physical = 207 ; free virtual = 5849
Phase 4 Post Placement Optimization and Clean-Up | Checksum: 2617ac307

Time (s): cpu = 00:00:14 ; elapsed = 00:00:04 . Memory (MB): peak = 3146.562 ; gain = 0.000 ; free physical = 207 ; free virtual = 5849
Ending Placer Task | Checksum: 16341e6e2

Time (s): cpu = 00:00:14 ; elapsed = 00:00:04 . Memory (MB): peak = 3146.562 ; gain = 0.000 ; free physical = 207 ; free virtual = 5849
INFO: [Common 17-83] Releasing license: Implementation
12 Infos, 1 Warnings, 0 Critical Warnings and 0 Errors encountered.
place_design completed successfully
# report_utilization -hierarchical -file nexys4ddr_utilization_hierarchical_place.rpt
# report_utilization -file nexys4ddr_utilization_place.rpt
# report_io -file nexys4ddr_io.rpt
report_io: Time (s): cpu = 00:00:00.06 ; elapsed = 00:00:00.10 . Memory (MB): peak = 3146.562 ; gain = 0.000 ; free physical = 223 ; free virtual = 5865
# report_control_sets -verbose -file nexys4ddr_control_sets.rpt
report_control_sets: Time (s): cpu = 00:00:00.06 ; elapsed = 00:00:00.06 . Memory (MB): peak = 3146.562 ; gain = 0.000 ; free physical = 228 ; free virtual = 5871
# report_clock_utilization -file nexys4ddr_clock_utilization.rpt
INFO: [Timing 38-35] Done setting XDC timing constraints.
# route_design -directive default
Command: route_design -directive default
Attempting to get a license for feature 'Implementation' and/or device 'xc7a100t'
INFO: [Common 17-349] Got license for feature 'Implementation' and/or device 'xc7a100t'
Running DRC as a precondition to command route_design
INFO: [DRC 23-27] Running DRC with 8 threads
INFO: [Vivado_Tcl 4-198] DRC finished with 0 Errors
INFO: [Vivado_Tcl 4-199] Please refer to the DRC report (report_drc) for more information.


Starting Routing Task
INFO: [Route 35-270] Using Router directive 'default'.
INFO: [Route 35-254] Multithreading enabled for route_design using a maximum of 8 CPUs
Checksum: PlaceDB: 9a4ef636 ConstDB: 0 ShapeSum: c8f2f0ac RouteDB: 0

Phase 1 Build RT Design
Phase 1 Build RT Design | Checksum: 11889f39a

Time (s): cpu = 00:00:14 ; elapsed = 00:00:11 . Memory (MB): peak = 3146.562 ; gain = 0.000 ; free physical = 135 ; free virtual = 5691
Post Restoration Checksum: NetGraph: 540a50f7 NumContArr: c47fa2a3 Constraints: 0 Timing: 0

Phase 2 Router Initialization

Phase 2.1 Create Timer
Phase 2.1 Create Timer | Checksum: 11889f39a

Time (s): cpu = 00:00:14 ; elapsed = 00:00:11 . Memory (MB): peak = 3146.562 ; gain = 0.000 ; free physical = 132 ; free virtual = 5691

Phase 2.2 Fix Topology Constraints
Phase 2.2 Fix Topology Constraints | Checksum: 11889f39a

Time (s): cpu = 00:00:14 ; elapsed = 00:00:11 . Memory (MB): peak = 3146.562 ; gain = 0.000 ; free physical = 151 ; free virtual = 5656

Phase 2.3 Pre Route Cleanup
Phase 2.3 Pre Route Cleanup | Checksum: 11889f39a

Time (s): cpu = 00:00:14 ; elapsed = 00:00:11 . Memory (MB): peak = 3146.562 ; gain = 0.000 ; free physical = 151 ; free virtual = 5656
 Number of Nodes with overlaps = 0

Phase 2.4 Update Timing
Phase 2.4 Update Timing | Checksum: 10d41a018

Time (s): cpu = 00:00:15 ; elapsed = 00:00:12 . Memory (MB): peak = 3146.562 ; gain = 0.000 ; free physical = 153 ; free virtual = 5643
Phase 2 Router Initialization | Checksum: 10d41a018

Time (s): cpu = 00:00:15 ; elapsed = 00:00:12 . Memory (MB): peak = 3146.562 ; gain = 0.000 ; free physical = 152 ; free virtual = 5642

Router Utilization Summary
  Global Vertical Routing Utilization    = 0 %
  Global Horizontal Routing Utilization  = 0 %
  Routable Net Status*
  *Does not include unroutable nets such as driverless and loadless.
  Run report_route_status for detailed report.
  Number of Failed Nets               = 4666
    (Failed Nets is the sum of unrouted and partially routed nets)
  Number of Unrouted Nets             = 4666
  Number of Partially Routed Nets     = 0
  Number of Node Overlaps             = 0


Phase 3 Initial Routing

Phase 3.1 Global Routing
Phase 3.1 Global Routing | Checksum: 10d41a018

Time (s): cpu = 00:00:15 ; elapsed = 00:00:12 . Memory (MB): peak = 3146.562 ; gain = 0.000 ; free physical = 155 ; free virtual = 5645
Phase 3 Initial Routing | Checksum: 10b8ffe16

Time (s): cpu = 00:00:17 ; elapsed = 00:00:12 . Memory (MB): peak = 3146.562 ; gain = 0.000 ; free physical = 139 ; free virtual = 5648

Phase 4 Rip-up And Reroute

Phase 4.1 Global Iteration 0

Phase 4.1.1 Update Timing
Phase 4.1.1 Update Timing | Checksum: 10b8ffe16

Time (s): cpu = 00:00:17 ; elapsed = 00:00:12 . Memory (MB): peak = 3146.562 ; gain = 0.000 ; free physical = 139 ; free virtual = 5648
WARNING: [Route 35-447] Congestion is preventing the router from routing all nets. The router will prioritize the successful completion of routing all nets over timing optimizations.
Phase 4.1 Global Iteration 0 | Checksum: 10b8ffe16

Time (s): cpu = 00:00:17 ; elapsed = 00:00:12 . Memory (MB): peak = 3146.562 ; gain = 0.000 ; free physical = 137 ; free virtual = 5646

Phase 4.2 Global Iteration 1
 Number of Nodes with overlaps = 317
 Number of Nodes with overlaps = 4
 Number of Nodes with overlaps = 0
Phase 4.2 Global Iteration 1 | Checksum: d1fdb19b

Time (s): cpu = 00:00:19 ; elapsed = 00:00:13 . Memory (MB): peak = 3146.562 ; gain = 0.000 ; free physical = 129 ; free virtual = 5643
Phase 4 Rip-up And Reroute | Checksum: d1fdb19b

Time (s): cpu = 00:00:19 ; elapsed = 00:00:13 . Memory (MB): peak = 3146.562 ; gain = 0.000 ; free physical = 129 ; free virtual = 5643

Phase 5 Delay and Skew Optimization

Phase 5.1 Delay CleanUp
Phase 5.1 Delay CleanUp | Checksum: d1fdb19b

Time (s): cpu = 00:00:19 ; elapsed = 00:00:13 . Memory (MB): peak = 3146.562 ; gain = 0.000 ; free physical = 129 ; free virtual = 5643

Phase 5.2 Clock Skew Optimization
Phase 5.2 Clock Skew Optimization | Checksum: d1fdb19b

Time (s): cpu = 00:00:19 ; elapsed = 00:00:13 . Memory (MB): peak = 3146.562 ; gain = 0.000 ; free physical = 129 ; free virtual = 5643
Phase 5 Delay and Skew Optimization | Checksum: d1fdb19b

Time (s): cpu = 00:00:19 ; elapsed = 00:00:13 . Memory (MB): peak = 3146.562 ; gain = 0.000 ; free physical = 129 ; free virtual = 5643

Phase 6 Post Hold Fix

Phase 6.1 Hold Fix Iter

Phase 6.1.1 Update Timing
Phase 6.1.1 Update Timing | Checksum: d1fdb19b

Time (s): cpu = 00:00:19 ; elapsed = 00:00:13 . Memory (MB): peak = 3146.562 ; gain = 0.000 ; free physical = 129 ; free virtual = 5644
Phase 6.1 Hold Fix Iter | Checksum: d1fdb19b

Time (s): cpu = 00:00:19 ; elapsed = 00:00:13 . Memory (MB): peak = 3146.562 ; gain = 0.000 ; free physical = 129 ; free virtual = 5644
Phase 6 Post Hold Fix | Checksum: d1fdb19b

Time (s): cpu = 00:00:19 ; elapsed = 00:00:13 . Memory (MB): peak = 3146.562 ; gain = 0.000 ; free physical = 129 ; free virtual = 5644

Phase 7 Route finalize

Router Utilization Summary
  Global Vertical Routing Utilization    = 0.919093 %
  Global Horizontal Routing Utilization  = 1.08809 %
  Routable Net Status*
  *Does not include unroutable nets such as driverless and loadless.
  Run report_route_status for detailed report.
  Number of Failed Nets               = 0
    (Failed Nets is the sum of unrouted and partially routed nets)
  Number of Unrouted Nets             = 0
  Number of Partially Routed Nets     = 0
  Number of Node Overlaps             = 0

Phase 7 Route finalize | Checksum: d1fdb19b

Time (s): cpu = 00:00:19 ; elapsed = 00:00:13 . Memory (MB): peak = 3146.562 ; gain = 0.000 ; free physical = 127 ; free virtual = 5643

Phase 8 Verifying routed nets

 Verification completed successfully
Phase 8 Verifying routed nets | Checksum: d1fdb19b

Time (s): cpu = 00:00:19 ; elapsed = 00:00:13 . Memory (MB): peak = 3146.562 ; gain = 0.000 ; free physical = 126 ; free virtual = 5642

Phase 9 Depositing Routes
Phase 9 Depositing Routes | Checksum: f3fdf59a

Time (s): cpu = 00:00:20 ; elapsed = 00:00:13 . Memory (MB): peak = 3146.562 ; gain = 0.000 ; free physical = 127 ; free virtual = 5642

Phase 10 Post Router Timing
Phase 10 Post Router Timing | Checksum: f3fdf59a

Time (s): cpu = 00:00:20 ; elapsed = 00:00:13 . Memory (MB): peak = 3146.562 ; gain = 0.000 ; free physical = 130 ; free virtual = 5641
INFO: [Route 35-16] Router Completed Successfully

Time (s): cpu = 00:00:20 ; elapsed = 00:00:13 . Memory (MB): peak = 3146.562 ; gain = 0.000 ; free physical = 172 ; free virtual = 5683

Routing Is Done.
INFO: [Common 17-83] Releasing license: Implementation
8 Infos, 1 Warnings, 0 Critical Warnings and 0 Errors encountered.
route_design completed successfully
route_design: Time (s): cpu = 00:00:22 ; elapsed = 00:00:14 . Memory (MB): peak = 3146.562 ; gain = 0.000 ; free physical = 172 ; free virtual = 5683
# phys_opt_design -directive default
Command: phys_opt_design -directive default
Attempting to get a license for feature 'Implementation' and/or device 'xc7a100t'
INFO: [Common 17-349] Got license for feature 'Implementation' and/or device 'xc7a100t'
INFO: [Vivado_Tcl 4-241] Physical synthesis in post route mode ( 100.0% nets are fully routed)
INFO: [Vivado_Tcl 4-137] Directive used for phys_opt_design is: default
INFO: [Vivado_Tcl 4-383] Design worst setup slack (WNS) is greater than or equal to 0.000 ns. Skipping all physical synthesis optimizations.
INFO: [Vivado_Tcl 4-232] No setup violation found. The netlist was not modified.
INFO: [Common 17-83] Releasing license: Implementation
6 Infos, 0 Warnings, 0 Critical Warnings and 0 Errors encountered.
phys_opt_design completed successfully
# write_checkpoint -force nexys4ddr_route.dcp
INFO: [Timing 38-480] Writing timing data to binary archive.
Writing placer database...
Writing XDEF routing.
Writing XDEF routing logical nets.
Writing XDEF routing special nets.
Write XDEF Complete: Time (s): cpu = 00:00:00.76 ; elapsed = 00:00:00.23 . Memory (MB): peak = 3146.562 ; gain = 0.000 ; free physical = 140 ; free virtual = 5682
INFO: [Common 17-1381] The checkpoint '/home/etorob/Documentos/SoC_project_2022/build/nexys4ddr/gateware/nexys4ddr_route.dcp' has been generated.
# report_timing_summary -no_header -no_detailed_paths
INFO: [Timing 38-91] UpdateTimingParams: Speed grade: -1, Delay Type: min_max.
INFO: [Timing 38-191] Multithreading enabled for timing update using a maximum of 8 CPUs
------------------------------------------------------------------------------------------------
| Timer Settings
| --------------
------------------------------------------------------------------------------------------------

  Enable Multi Corner Analysis               :  Yes
  Enable Pessimism Removal                   :  Yes
  Pessimism Removal Resolution               :  Nearest Common Node
  Enable Input Delay Default Clock           :  No
  Enable Preset / Clear Arcs                 :  No
  Disable Flight Delays                      :  No
  Ignore I/O Paths                           :  No
  Timing Early Launch at Borrowing Latches   :  No
  Borrow Time for Max Delay Exceptions       :  Yes
  Merge Timing Exceptions                    :  Yes

  Corner  Analyze    Analyze    
  Name    Max Paths  Min Paths  
  ------  ---------  ---------  
  Slow    Yes        Yes        
  Fast    Yes        Yes        


------------------------------------------------------------------------------------------------
| Report Methodology
| ------------------
------------------------------------------------------------------------------------------------

No report available as report_methodology has not been run prior. Run report_methodology on the current design for the summary of methodology violations.



check_timing report

Table of Contents
-----------------
1. checking no_clock (2513)
2. checking constant_clock (0)
3. checking pulse_width_clock (0)
4. checking unconstrained_internal_endpoints (6732)
5. checking no_input_delay (13)
6. checking no_output_delay (33)
7. checking multiple_clock (0)
8. checking generated_clocks (0)
9. checking loops (0)
10. checking partial_input_delay (0)
11. checking partial_output_delay (0)
12. checking latch_loops (0)

1. checking no_clock (2513)
---------------------------
 There are 2513 register/latch pins with no clock driven by root clock pin: clk (HIGH)


2. checking constant_clock (0)
------------------------------
 There are 0 register/latch pins with constant_clock.


3. checking pulse_width_clock (0)
---------------------------------
 There are 0 register/latch pins which need pulse_width check


4. checking unconstrained_internal_endpoints (6732)
---------------------------------------------------
 There are 6732 pins that are not constrained for maximum delay. (HIGH)

 There are 0 pins that are not constrained for maximum delay due to constant clock.


5. checking no_input_delay (13)
-------------------------------
 There are 13 input ports with no input delay specified. (HIGH)

 There are 0 input ports with no input delay but user has a false path constraint.


6. checking no_output_delay (33)
--------------------------------
 There are 33 ports with no output delay specified. (HIGH)

 There are 0 ports with no output delay but user has a false path constraint

 There are 0 ports with no output delay but with a timing clock defined on it or propagating through it


7. checking multiple_clock (0)
------------------------------
 There are 0 register/latch pins with multiple clocks.


8. checking generated_clocks (0)
--------------------------------
 There are 0 generated clocks that are not connected to a clock source.


9. checking loops (0)
---------------------
 There are 0 combinational loops in the design.


10. checking partial_input_delay (0)
------------------------------------
 There are 0 input ports with partial input delay specified.


11. checking partial_output_delay (0)
-------------------------------------
 There are 0 ports with partial output delay specified.


12. checking latch_loops (0)
----------------------------
 There are 0 combinational latch loops in the design through latch input



------------------------------------------------------------------------------------------------
| Design Timing Summary
| ---------------------
------------------------------------------------------------------------------------------------

    WNS(ns)      TNS(ns)  TNS Failing Endpoints  TNS Total Endpoints      WHS(ns)      THS(ns)  THS Failing Endpoints  THS Total Endpoints     WPWS(ns)     TPWS(ns)  TPWS Failing Endpoints  TPWS Total Endpoints  
    -------      -------  ---------------------  -------------------      -------      -------  ---------------------  -------------------     --------     --------  ----------------------  --------------------  
         NA           NA                     NA                   NA           NA           NA                     NA                   NA           NA           NA                      NA                    NA  


All user specified timing constraints are met.


------------------------------------------------------------------------------------------------
| Clock Summary
| -------------
------------------------------------------------------------------------------------------------


------------------------------------------------------------------------------------------------
| Intra Clock Table
| -----------------
------------------------------------------------------------------------------------------------

Clock             WNS(ns)      TNS(ns)  TNS Failing Endpoints  TNS Total Endpoints      WHS(ns)      THS(ns)  THS Failing Endpoints  THS Total Endpoints     WPWS(ns)     TPWS(ns)  TPWS Failing Endpoints  TPWS Total Endpoints  
-----             -------      -------  ---------------------  -------------------      -------      -------  ---------------------  -------------------     --------     --------  ----------------------  --------------------  


------------------------------------------------------------------------------------------------
| Inter Clock Table
| -----------------
------------------------------------------------------------------------------------------------

From Clock    To Clock          WNS(ns)      TNS(ns)  TNS Failing Endpoints  TNS Total Endpoints      WHS(ns)      THS(ns)  THS Failing Endpoints  THS Total Endpoints  
----------    --------          -------      -------  ---------------------  -------------------      -------      -------  ---------------------  -------------------  


------------------------------------------------------------------------------------------------
| Other Path Groups Table
| -----------------------
------------------------------------------------------------------------------------------------

Path Group    From Clock    To Clock          WNS(ns)      TNS(ns)  TNS Failing Endpoints  TNS Total Endpoints      WHS(ns)      THS(ns)  THS Failing Endpoints  THS Total Endpoints  
----------    ----------    --------          -------      -------  ---------------------  -------------------      -------      -------  ---------------------  -------------------  


# report_route_status -file nexys4ddr_route_status.rpt
# report_drc -file nexys4ddr_drc.rpt
Command: report_drc -file nexys4ddr_drc.rpt
INFO: [IP_Flow 19-234] Refreshing IP repositories
INFO: [IP_Flow 19-1704] No user IP repositories specified
INFO: [IP_Flow 19-2313] Loaded Vivado IP repository '/tools/Xilinx/Vivado/2021.1/data/ip'.
INFO: [DRC 23-27] Running DRC with 8 threads
INFO: [Vivado_Tcl 2-168] The results of DRC are in file /home/etorob/Documentos/SoC_project_2022/build/nexys4ddr/gateware/nexys4ddr_drc.rpt.
report_drc completed successfully
# report_timing_summary -datasheet -max_paths 10 -file nexys4ddr_timing.rpt
INFO: [Timing 38-91] UpdateTimingParams: Speed grade: -1, Delay Type: min_max.
INFO: [Timing 38-191] Multithreading enabled for timing update using a maximum of 8 CPUs
# report_power -file nexys4ddr_power.rpt
Command: report_power -file nexys4ddr_power.rpt
WARNING: [Power 33-232] No user defined clocks were found in the design! Power estimation will be inaccurate until this is corrected.
Resolution: Please specify clocks using create_clock/create_generated_clock for sequential elements. For pure combinatorial circuits, please specify a virtual clock, otherwise the vectorless estimation might be inaccurate
Running Vector-less Activity Propagation...

Finished Running Vector-less Activity Propagation
WARNING: [Power 33-332] Found switching activity that implies high-fanout reset nets being asserted for excessive periods of time which may result in inaccurate power analysis.
Resolution: To review and fix problems, please run Power Constraints Advisor in the GUI from Tools > Power Constraints Advisor or run report_power with the -advisory option to generate a text report.
0 Infos, 2 Warnings, 0 Critical Warnings and 0 Errors encountered.
report_power completed successfully
# write_bitstream -force nexys4ddr.bit 
Command: write_bitstream -force nexys4ddr.bit
Attempting to get a license for feature 'Implementation' and/or device 'xc7a100t'
INFO: [Common 17-349] Got license for feature 'Implementation' and/or device 'xc7a100t'
Running DRC as a precondition to command write_bitstream
INFO: [IP_Flow 19-1839] IP Catalog is up to date.
INFO: [DRC 23-27] Running DRC with 8 threads
WARNING: [DRC CFGBVS-1] Missing CFGBVS and CONFIG_VOLTAGE Design Properties: Neither the CFGBVS nor CONFIG_VOLTAGE voltage property is set in the current_design.  Configuration bank voltage select (CFGBVS) must be set to VCCO or GND, and CONFIG_VOLTAGE must be set to the correct configuration voltage, in order to determine the I/O voltage support for the pins in bank 0.  It is suggested to specify these either using the 'Edit Device Properties' function in the GUI or directly in the XDC file using the following syntax:

 set_property CFGBVS value1 [current_design]
 #where value1 is either VCCO or GND

 set_property CONFIG_VOLTAGE value2 [current_design]
 #where value2 is the voltage provided to configuration bank 0

Refer to the device configuration user guide for more information.
INFO: [Vivado 12-3199] DRC finished with 0 Errors, 1 Warnings
INFO: [Vivado 12-3200] Please refer to the DRC report (report_drc) for more information.
INFO: [Designutils 20-2272] Running write_bitstream with 8 threads.
Loading data files...
Loading site data...
Loading route data...
Processing options...
Creating bitmap...
Creating bitstream...
Writing bitstream ./nexys4ddr.bit...
INFO: [Vivado 12-1842] Bitgen Completed Successfully.
INFO: [#UNDEF] WebTalk data collection is mandatory when using a WebPACK part without a full Vivado license. To see the specific WebTalk data collected for your design, open the usage_statistics_webtalk.html or usage_statistics_webtalk.xml file in the implementation directory.
INFO: [Common 17-83] Releasing license: Implementation
9 Infos, 1 Warnings, 0 Critical Warnings and 0 Errors encountered.
write_bitstream completed successfully
write_bitstream: Time (s): cpu = 00:00:12 ; elapsed = 00:00:27 . Memory (MB): peak = 3364.652 ; gain = 218.090 ; free physical = 435 ; free virtual = 5622
# quit
INFO: [Common 17-206] Exiting Vivado at Wed Jun 22 15:08:42 2022...
